<?xml version="1.0" encoding="UTF-8"?>
<robot generator="Robot 6.1.1 (Python 3.12.0 on darwin)" generated="20231120 17:28:22.502" rpa="false" schemaversion="4">
<suite id="s1" name="Tests" source="/Users/sampsaoinonen/Documents/Helsingin yliopisto opinnot/OHTU/palautusrepositorio/viikko3/web-login/src/tests">
<suite id="s1-s1" name="Home" source="/Users/sampsaoinonen/Documents/Helsingin yliopisto opinnot/OHTU/palautusrepositorio/viikko3/web-login/src/tests/home.robot">
<kw name="Open And Configure Browser" library="resource" type="SETUP">
<kw name="Evaluate" library="BuiltIn">
<var>${options}</var>
<arg>sys.modules['selenium.webdriver'].ChromeOptions()</arg>
<arg>sys</arg>
<doc>Evaluates the given expression in Python and returns the result.</doc>
<msg timestamp="20231120 17:28:22.627" level="INFO">${options} = &lt;selenium.webdriver.chrome.options.Options object at 0x1067da030&gt;</msg>
<status status="PASS" starttime="20231120 17:28:22.627" endtime="20231120 17:28:22.627"/>
</kw>
<kw name="Call Method" library="BuiltIn">
<arg>${options}</arg>
<arg>add_argument</arg>
<arg>--no-sandbox</arg>
<doc>Calls the named method of the given object with the provided arguments.</doc>
<status status="PASS" starttime="20231120 17:28:22.627" endtime="20231120 17:28:22.627"/>
</kw>
<kw name="Open Browser" library="SeleniumLibrary">
<arg>browser=chrome</arg>
<arg>options=${options}</arg>
<doc>Opens a new browser instance to the optional ``url``.</doc>
<msg timestamp="20231120 17:28:22.628" level="INFO">Opening browser 'chrome' to base url 'None'.</msg>
<status status="PASS" starttime="20231120 17:28:22.627" endtime="20231120 17:28:24.355"/>
</kw>
<kw name="Set Selenium Speed" library="SeleniumLibrary">
<arg>${DELAY}</arg>
<doc>Sets the delay that is waited after each Selenium command.</doc>
<status status="PASS" starttime="20231120 17:28:24.355" endtime="20231120 17:28:24.355"/>
</kw>
<status status="PASS" starttime="20231120 17:28:22.627" endtime="20231120 17:28:24.355"/>
</kw>
<test id="s1-s1-t1" name="Click Login Link" line="8">
<kw name="Go To Starting Page" library="resource" type="SETUP">
<kw name="Go To" library="SeleniumLibrary">
<arg>${HOME_URL}</arg>
<doc>Navigates the current browser window to the provided ``url``.</doc>
<msg timestamp="20231120 17:28:24.356" level="INFO">Opening url 'http://localhost:5001'</msg>
<status status="PASS" starttime="20231120 17:28:24.356" endtime="20231120 17:28:25.159"/>
</kw>
<status status="PASS" starttime="20231120 17:28:24.356" endtime="20231120 17:28:25.159"/>
</kw>
<kw name="Click Link" library="SeleniumLibrary">
<arg>Login</arg>
<doc>Clicks a link identified by ``locator``.</doc>
<msg timestamp="20231120 17:28:25.162" level="INFO">Clicking link 'Login'.</msg>
<status status="PASS" starttime="20231120 17:28:25.160" endtime="20231120 17:28:26.794"/>
</kw>
<kw name="Login Page Should Be Open" library="resource">
<kw name="Title Should Be" library="SeleniumLibrary">
<arg>Login</arg>
<doc>Verifies that the current page title equals ``title``.</doc>
<msg timestamp="20231120 17:28:27.309" level="INFO">Page title is 'Login'.</msg>
<status status="PASS" starttime="20231120 17:28:26.796" endtime="20231120 17:28:27.310"/>
</kw>
<status status="PASS" starttime="20231120 17:28:26.795" endtime="20231120 17:28:27.310"/>
</kw>
<status status="PASS" starttime="20231120 17:28:24.355" endtime="20231120 17:28:27.310"/>
</test>
<test id="s1-s1-t2" name="Click Register Link" line="12">
<kw name="Go To Starting Page" library="resource" type="SETUP">
<kw name="Go To" library="SeleniumLibrary">
<arg>${HOME_URL}</arg>
<doc>Navigates the current browser window to the provided ``url``.</doc>
<msg timestamp="20231120 17:28:27.313" level="INFO">Opening url 'http://localhost:5001'</msg>
<status status="PASS" starttime="20231120 17:28:27.313" endtime="20231120 17:28:27.847"/>
</kw>
<status status="PASS" starttime="20231120 17:28:27.312" endtime="20231120 17:28:27.847"/>
</kw>
<kw name="Click Link" library="SeleniumLibrary">
<arg>Register new user</arg>
<doc>Clicks a link identified by ``locator``.</doc>
<msg timestamp="20231120 17:28:27.848" level="INFO">Clicking link 'Register new user'.</msg>
<status status="PASS" starttime="20231120 17:28:27.847" endtime="20231120 17:28:29.439"/>
</kw>
<kw name="Register Page Should Be Open" library="resource">
<kw name="Title Should Be" library="SeleniumLibrary">
<arg>Register</arg>
<doc>Verifies that the current page title equals ``title``.</doc>
<msg timestamp="20231120 17:28:29.952" level="INFO">Page title is 'Register'.</msg>
<status status="PASS" starttime="20231120 17:28:29.440" endtime="20231120 17:28:29.952"/>
</kw>
<status status="PASS" starttime="20231120 17:28:29.439" endtime="20231120 17:28:29.953"/>
</kw>
<status status="PASS" starttime="20231120 17:28:27.311" endtime="20231120 17:28:29.953"/>
</test>
<kw name="Close Browser" library="SeleniumLibrary" type="TEARDOWN">
<doc>Closes the current browser.</doc>
<status status="PASS" starttime="20231120 17:28:29.956" endtime="20231120 17:28:30.550"/>
</kw>
<status status="PASS" starttime="20231120 17:28:22.510" endtime="20231120 17:28:30.550"/>
</suite>
<suite id="s1-s2" name="Login" source="/Users/sampsaoinonen/Documents/Helsingin yliopisto opinnot/OHTU/palautusrepositorio/viikko3/web-login/src/tests/login.robot">
<kw name="Open And Configure Browser" library="resource" type="SETUP">
<kw name="Evaluate" library="BuiltIn">
<var>${options}</var>
<arg>sys.modules['selenium.webdriver'].ChromeOptions()</arg>
<arg>sys</arg>
<doc>Evaluates the given expression in Python and returns the result.</doc>
<msg timestamp="20231120 17:28:30.554" level="INFO">${options} = &lt;selenium.webdriver.chrome.options.Options object at 0x1068e7fb0&gt;</msg>
<status status="PASS" starttime="20231120 17:28:30.553" endtime="20231120 17:28:30.554"/>
</kw>
<kw name="Call Method" library="BuiltIn">
<arg>${options}</arg>
<arg>add_argument</arg>
<arg>--no-sandbox</arg>
<doc>Calls the named method of the given object with the provided arguments.</doc>
<status status="PASS" starttime="20231120 17:28:30.554" endtime="20231120 17:28:30.554"/>
</kw>
<kw name="Open Browser" library="SeleniumLibrary">
<arg>browser=chrome</arg>
<arg>options=${options}</arg>
<doc>Opens a new browser instance to the optional ``url``.</doc>
<msg timestamp="20231120 17:28:30.554" level="INFO">Opening browser 'chrome' to base url 'None'.</msg>
<status status="PASS" starttime="20231120 17:28:30.554" endtime="20231120 17:28:31.927"/>
</kw>
<kw name="Set Selenium Speed" library="SeleniumLibrary">
<arg>${DELAY}</arg>
<doc>Sets the delay that is waited after each Selenium command.</doc>
<status status="PASS" starttime="20231120 17:28:31.927" endtime="20231120 17:28:31.927"/>
</kw>
<status status="PASS" starttime="20231120 17:28:30.553" endtime="20231120 17:28:31.927"/>
</kw>
<test id="s1-s2-t1" name="Login With Correct Credentials" line="8">
<kw name="Create User And Go To Login Page" type="SETUP">
<kw name="Create User" library="AppLibrary">
<arg>kalle</arg>
<arg>kalle123</arg>
<status status="PASS" starttime="20231120 17:28:31.928" endtime="20231120 17:28:31.937"/>
</kw>
<kw name="Go To Login Page" library="resource">
<kw name="Go To" library="SeleniumLibrary">
<arg>${LOGIN_URL}</arg>
<doc>Navigates the current browser window to the provided ``url``.</doc>
<msg timestamp="20231120 17:28:31.937" level="INFO">Opening url 'http://localhost:5001/login'</msg>
<status status="PASS" starttime="20231120 17:28:31.937" endtime="20231120 17:28:32.590"/>
</kw>
<status status="PASS" starttime="20231120 17:28:31.937" endtime="20231120 17:28:32.591"/>
</kw>
<kw name="Login Page Should Be Open" library="resource">
<kw name="Title Should Be" library="SeleniumLibrary">
<arg>Login</arg>
<doc>Verifies that the current page title equals ``title``.</doc>
<msg timestamp="20231120 17:28:33.103" level="INFO">Page title is 'Login'.</msg>
<status status="PASS" starttime="20231120 17:28:32.592" endtime="20231120 17:28:33.104"/>
</kw>
<status status="PASS" starttime="20231120 17:28:32.591" endtime="20231120 17:28:33.104"/>
</kw>
<status status="PASS" starttime="20231120 17:28:31.928" endtime="20231120 17:28:33.104"/>
</kw>
<kw name="Set Username">
<arg>kalle</arg>
<kw name="Input Text" library="SeleniumLibrary">
<arg>username</arg>
<arg>${username}</arg>
<doc>Types the given ``text`` into the text field identified by ``locator``.</doc>
<msg timestamp="20231120 17:28:33.107" level="INFO">Typing text 'kalle' into text field 'username'.</msg>
<status status="PASS" starttime="20231120 17:28:33.106" endtime="20231120 17:28:34.799"/>
</kw>
<status status="PASS" starttime="20231120 17:28:33.104" endtime="20231120 17:28:34.799"/>
</kw>
<kw name="Set Password">
<arg>kalle123</arg>
<kw name="Input Password" library="SeleniumLibrary">
<arg>password</arg>
<arg>${password}</arg>
<doc>Types the given password into the text field identified by ``locator``.</doc>
<msg timestamp="20231120 17:28:34.801" level="INFO">Typing password into text field 'password'.</msg>
<msg timestamp="20231120 17:28:35.846" level="INFO">Temporally setting log level to: NONE</msg>
<msg timestamp="20231120 17:28:36.387" level="INFO">Log level changed from NONE to INFO.</msg>
<status status="PASS" starttime="20231120 17:28:34.800" endtime="20231120 17:28:36.388"/>
</kw>
<status status="PASS" starttime="20231120 17:28:34.799" endtime="20231120 17:28:36.388"/>
</kw>
<kw name="Submit Credentials">
<kw name="Click Button" library="SeleniumLibrary">
<arg>Login</arg>
<doc>Clicks the button identified by ``locator``.</doc>
<msg timestamp="20231120 17:28:36.389" level="INFO">Clicking button 'Login'.</msg>
<status status="PASS" starttime="20231120 17:28:36.388" endtime="20231120 17:28:38.515"/>
</kw>
<status status="PASS" starttime="20231120 17:28:36.388" endtime="20231120 17:28:38.515"/>
</kw>
<kw name="Login Should Succeed">
<kw name="Main Page Should Be Open" library="resource">
<kw name="Title Should Be" library="SeleniumLibrary">
<arg>Ohtu Application main page</arg>
<doc>Verifies that the current page title equals ``title``.</doc>
<msg timestamp="20231120 17:28:39.028" level="INFO">Page title is 'Ohtu Application main page'.</msg>
<status status="PASS" starttime="20231120 17:28:38.517" endtime="20231120 17:28:39.028"/>
</kw>
<status status="PASS" starttime="20231120 17:28:38.517" endtime="20231120 17:28:39.028"/>
</kw>
<status status="PASS" starttime="20231120 17:28:38.516" endtime="20231120 17:28:39.028"/>
</kw>
<status status="PASS" starttime="20231120 17:28:31.927" endtime="20231120 17:28:39.029"/>
</test>
<test id="s1-s2-t2" name="Login With Incorrect Password" line="14">
<kw name="Create User And Go To Login Page" type="SETUP">
<kw name="Create User" library="AppLibrary">
<arg>kalle</arg>
<arg>kalle123</arg>
<status status="PASS" starttime="20231120 17:28:39.031" endtime="20231120 17:28:39.047"/>
</kw>
<kw name="Go To Login Page" library="resource">
<kw name="Go To" library="SeleniumLibrary">
<arg>${LOGIN_URL}</arg>
<doc>Navigates the current browser window to the provided ``url``.</doc>
<msg timestamp="20231120 17:28:39.048" level="INFO">Opening url 'http://localhost:5001/login'</msg>
<status status="PASS" starttime="20231120 17:28:39.048" endtime="20231120 17:28:39.579"/>
</kw>
<status status="PASS" starttime="20231120 17:28:39.047" endtime="20231120 17:28:39.580"/>
</kw>
<kw name="Login Page Should Be Open" library="resource">
<kw name="Title Should Be" library="SeleniumLibrary">
<arg>Login</arg>
<doc>Verifies that the current page title equals ``title``.</doc>
<msg timestamp="20231120 17:28:40.093" level="INFO">Page title is 'Login'.</msg>
<status status="PASS" starttime="20231120 17:28:39.581" endtime="20231120 17:28:40.093"/>
</kw>
<status status="PASS" starttime="20231120 17:28:39.580" endtime="20231120 17:28:40.094"/>
</kw>
<status status="PASS" starttime="20231120 17:28:39.030" endtime="20231120 17:28:40.094"/>
</kw>
<kw name="Set Username">
<arg>kalle</arg>
<kw name="Input Text" library="SeleniumLibrary">
<arg>username</arg>
<arg>${username}</arg>
<doc>Types the given ``text`` into the text field identified by ``locator``.</doc>
<msg timestamp="20231120 17:28:40.096" level="INFO">Typing text 'kalle' into text field 'username'.</msg>
<status status="PASS" starttime="20231120 17:28:40.095" endtime="20231120 17:28:41.740"/>
</kw>
<status status="PASS" starttime="20231120 17:28:40.094" endtime="20231120 17:28:41.740"/>
</kw>
<kw name="Set Password">
<arg>kalle456</arg>
<kw name="Input Password" library="SeleniumLibrary">
<arg>password</arg>
<arg>${password}</arg>
<doc>Types the given password into the text field identified by ``locator``.</doc>
<msg timestamp="20231120 17:28:41.742" level="INFO">Typing password into text field 'password'.</msg>
<msg timestamp="20231120 17:28:42.786" level="INFO">Temporally setting log level to: NONE</msg>
<msg timestamp="20231120 17:28:43.335" level="INFO">Log level changed from NONE to INFO.</msg>
<status status="PASS" starttime="20231120 17:28:41.741" endtime="20231120 17:28:43.335"/>
</kw>
<status status="PASS" starttime="20231120 17:28:41.740" endtime="20231120 17:28:43.336"/>
</kw>
<kw name="Submit Credentials">
<kw name="Click Button" library="SeleniumLibrary">
<arg>Login</arg>
<doc>Clicks the button identified by ``locator``.</doc>
<msg timestamp="20231120 17:28:43.337" level="INFO">Clicking button 'Login'.</msg>
<status status="PASS" starttime="20231120 17:28:43.336" endtime="20231120 17:28:45.475"/>
</kw>
<status status="PASS" starttime="20231120 17:28:43.336" endtime="20231120 17:28:45.476"/>
</kw>
<kw name="Login Should Fail With Message">
<arg>Invalid username or password</arg>
<kw name="Login Page Should Be Open" library="resource">
<kw name="Title Should Be" library="SeleniumLibrary">
<arg>Login</arg>
<doc>Verifies that the current page title equals ``title``.</doc>
<msg timestamp="20231120 17:28:45.991" level="INFO">Page title is 'Login'.</msg>
<status status="PASS" starttime="20231120 17:28:45.477" endtime="20231120 17:28:45.991"/>
</kw>
<status status="PASS" starttime="20231120 17:28:45.477" endtime="20231120 17:28:45.991"/>
</kw>
<kw name="Page Should Contain" library="SeleniumLibrary">
<arg>${message}</arg>
<doc>Verifies that current page contains ``text``.</doc>
<msg timestamp="20231120 17:28:47.024" level="INFO">Current page contains text 'Invalid username or password'.</msg>
<status status="PASS" starttime="20231120 17:28:45.992" endtime="20231120 17:28:47.024"/>
</kw>
<status status="PASS" starttime="20231120 17:28:45.476" endtime="20231120 17:28:47.024"/>
</kw>
<status status="PASS" starttime="20231120 17:28:39.029" endtime="20231120 17:28:47.025"/>
</test>
<test id="s1-s2-t3" name="Login With Nonexistent Username" line="20">
<kw name="Create User And Go To Login Page" type="SETUP">
<kw name="Create User" library="AppLibrary">
<arg>kalle</arg>
<arg>kalle123</arg>
<status status="PASS" starttime="20231120 17:28:47.027" endtime="20231120 17:28:47.042"/>
</kw>
<kw name="Go To Login Page" library="resource">
<kw name="Go To" library="SeleniumLibrary">
<arg>${LOGIN_URL}</arg>
<doc>Navigates the current browser window to the provided ``url``.</doc>
<msg timestamp="20231120 17:28:47.042" level="INFO">Opening url 'http://localhost:5001/login'</msg>
<status status="PASS" starttime="20231120 17:28:47.042" endtime="20231120 17:28:47.562"/>
</kw>
<status status="PASS" starttime="20231120 17:28:47.042" endtime="20231120 17:28:47.562"/>
</kw>
<kw name="Login Page Should Be Open" library="resource">
<kw name="Title Should Be" library="SeleniumLibrary">
<arg>Login</arg>
<doc>Verifies that the current page title equals ``title``.</doc>
<msg timestamp="20231120 17:28:48.075" level="INFO">Page title is 'Login'.</msg>
<status status="PASS" starttime="20231120 17:28:47.563" endtime="20231120 17:28:48.076"/>
</kw>
<status status="PASS" starttime="20231120 17:28:47.562" endtime="20231120 17:28:48.076"/>
</kw>
<status status="PASS" starttime="20231120 17:28:47.026" endtime="20231120 17:28:48.076"/>
</kw>
<kw name="Set Username">
<arg>jolle</arg>
<kw name="Input Text" library="SeleniumLibrary">
<arg>username</arg>
<arg>${username}</arg>
<doc>Types the given ``text`` into the text field identified by ``locator``.</doc>
<msg timestamp="20231120 17:28:48.078" level="INFO">Typing text 'jolle' into text field 'username'.</msg>
<status status="PASS" starttime="20231120 17:28:48.077" endtime="20231120 17:28:49.717"/>
</kw>
<status status="PASS" starttime="20231120 17:28:48.076" endtime="20231120 17:28:49.719"/>
</kw>
<kw name="Set Password">
<arg>kalle456</arg>
<kw name="Input Password" library="SeleniumLibrary">
<arg>password</arg>
<arg>${password}</arg>
<doc>Types the given password into the text field identified by ``locator``.</doc>
<msg timestamp="20231120 17:28:49.721" level="INFO">Typing password into text field 'password'.</msg>
<msg timestamp="20231120 17:28:50.767" level="INFO">Temporally setting log level to: NONE</msg>
<msg timestamp="20231120 17:28:51.318" level="INFO">Log level changed from NONE to INFO.</msg>
<status status="PASS" starttime="20231120 17:28:49.720" endtime="20231120 17:28:51.319"/>
</kw>
<status status="PASS" starttime="20231120 17:28:49.719" endtime="20231120 17:28:51.319"/>
</kw>
<kw name="Submit Credentials">
<kw name="Click Button" library="SeleniumLibrary">
<arg>Login</arg>
<doc>Clicks the button identified by ``locator``.</doc>
<msg timestamp="20231120 17:28:51.320" level="INFO">Clicking button 'Login'.</msg>
<status status="PASS" starttime="20231120 17:28:51.319" endtime="20231120 17:28:53.420"/>
</kw>
<status status="PASS" starttime="20231120 17:28:51.319" endtime="20231120 17:28:53.421"/>
</kw>
<kw name="Login Should Fail With Message">
<arg>Invalid username or password</arg>
<kw name="Login Page Should Be Open" library="resource">
<kw name="Title Should Be" library="SeleniumLibrary">
<arg>Login</arg>
<doc>Verifies that the current page title equals ``title``.</doc>
<msg timestamp="20231120 17:28:53.934" level="INFO">Page title is 'Login'.</msg>
<status status="PASS" starttime="20231120 17:28:53.422" endtime="20231120 17:28:53.934"/>
</kw>
<status status="PASS" starttime="20231120 17:28:53.422" endtime="20231120 17:28:53.934"/>
</kw>
<kw name="Page Should Contain" library="SeleniumLibrary">
<arg>${message}</arg>
<doc>Verifies that current page contains ``text``.</doc>
<msg timestamp="20231120 17:28:54.955" level="INFO">Current page contains text 'Invalid username or password'.</msg>
<status status="PASS" starttime="20231120 17:28:53.935" endtime="20231120 17:28:54.955"/>
</kw>
<status status="PASS" starttime="20231120 17:28:53.421" endtime="20231120 17:28:54.956"/>
</kw>
<status status="PASS" starttime="20231120 17:28:47.026" endtime="20231120 17:28:54.956"/>
</test>
<kw name="Close Browser" library="SeleniumLibrary" type="TEARDOWN">
<doc>Closes the current browser.</doc>
<status status="PASS" starttime="20231120 17:28:54.958" endtime="20231120 17:28:55.528"/>
</kw>
<status status="PASS" starttime="20231120 17:28:30.551" endtime="20231120 17:28:55.528"/>
</suite>
<status status="PASS" starttime="20231120 17:28:22.502" endtime="20231120 17:28:55.531"/>
</suite>
<statistics>
<total>
<stat pass="5" fail="0" skip="0">All Tests</stat>
</total>
<tag>
</tag>
<suite>
<stat pass="5" fail="0" skip="0" id="s1" name="Tests">Tests</stat>
<stat pass="2" fail="0" skip="0" id="s1-s1" name="Home">Tests.Home</stat>
<stat pass="3" fail="0" skip="0" id="s1-s2" name="Login">Tests.Login</stat>
</suite>
</statistics>
<errors>
</errors>
</robot>
